irun(64): 15.20-s084: (c) Copyright 1995-2020 Cadence Design Systems, Inc.
TOOL:	irun(64)	15.20-s084: Started on Apr 18, 2022 at 07:37:28 CST
irun
	+nc64bit
	+incdir+/usr/cadtool/cadence/STRATUS/cur/tools.lnx86/stratus/lib
	+incdir+bdw_work/wrappers
	+access+rw
	+loadpli1=/usr/cadtool/cadence/STRATUS/cur/tools.lnx86/stratus/lib/64bit/ncvlog_ssl:ssl_bootstrap
	+ncinput+bdw_work/sims/PIP_URL_V/ncverilog.do
	+nclibdirname+bdw_work/sims/PIP_URL_V
	-f bdw_work/sims/PIP_URL_V/siminfo
		bdw_work/sims/top_PIP_URL_V.v
		bdw_work/wrappers/dut_cosim.v
		bdw_work/modules/dut/PIP_URL/dut_rtl.v
	+libext+.v
	+define+ioConfig
	+define+BDW_RTL_dut_PIP_URL
	+nowarn+LIBNOU
	+hubSetOption+libdef=bdw_work/sims/PIP_URL_V/sim_PIP_URL_V.so
	+hubSetOption+bdr=bdw_work/sims/PIP_URL_V/sim.bdr
	-l bdw_work/sims/PIP_URL_V/bdw_sim_verilog.log

   User defined plus("+") options:
	+hubSetOption+libdef=bdw_work/sims/PIP_URL_V/sim_PIP_URL_V.so
	+hubSetOption+bdr=bdw_work/sims/PIP_URL_V/sim.bdr

Recompiling... reason: file './bdw_work/modules/dut/PIP_URL/dut_rtl.v' is newer than expected.
	expected: Sun Apr 17 22:21:00 2022
	actual:   Mon Apr 18 07:37:13 2022
file: bdw_work/modules/dut/PIP_URL/dut_rtl.v
	module worklib.dut:v
		errors: 0, warnings: 0
ncvlog: *W,SPDUSD: Include directory bdw_work/wrappers given but not used.
	Total errors/warnings found outside modules and primitives:
		errors: 0, warnings: 1
*** Registering Hub PLI1.0 Interface***
		Caching library 'worklib' ....... Done
	Elaborating the design hierarchy:
	Top level design units:
		top
	Building instance overlay tables: .................... Done
	Generating native compiled code:
		worklib.dut:v <0x783f52ba>
			streams: 228, words: 127316
		worklib.top:v <0x28e0e17b>
			streams: 121, words: 100998
	Building instance specific data structures.
	Loading native compiled code:     .................... Done
	Design hierarchy summary:
		                 Instances  Unique
		Modules:                 3       3
		Registers:             318     318
		Scalar wires:           54       -
		Vectored wires:         11       -
		Always blocks:         196     196
		Initial blocks:          7       7
		Cont. assignments:      18      53
		Pseudo assignments:     12      12
		Simulation timescale:  1ps
	Writing initial simulation snapshot: worklib.top:v
Loading snapshot worklib.top:v .................... Done
*Verdi* Loading libsscore_ius152.so
*** Registering Hub PLI1.0 Interface***
ncsim> source /usr/cad/cadence/INCISIV/INCISIVE_15.20.084/tools/inca/files/ncsimrc
ncsim> 
ncsim> run
NOTE: Cadence Design Systems Hub Simulation Platform : version 19.12-s100
WARNING: Hub: SystemC domain: 
	system.TB.din: cynw_p2p_in: Potential reset polarity mismatch between the reset_signal_is() statement for the
	SC_CTHREAD, and the reset polarity specified in the third parameter to the clk_rst() call for this metaport (which is 0). 
Simulation stopped via $stop(1) at time 17540100 PS + 0
./bdw_work/sims/top_PIP_URL_V.v:70 		#100 $stop;
ncsim> quit
TOOL:	irun(64)	15.20-s084: Exiting on Apr 18, 2022 at 07:37:31 CST  (total: 00:00:03)
