Operating system Centos 7,
 GCC 7.3.0,
 and Cadence NC/IUS 15.20
are a supported combination.
irun(64): 15.20-s084: (c) Copyright 1995-2020 Cadence Design Systems, Inc.
Loading snapshot worklib.top:v .................... Done
*Verdi* Loading libsscore_ius152.so
*** Registering Hub PLI1.0 Interface***
ncsim> source /usr/cad/cadence/INCISIV/INCISIVE_15.20.084/tools/inca/files/ncsimrc
ncsim> 
ncsim> run

        SystemC 2.3.1-Accellera --- Feb 14 2019 12:08:38
        Copyright (c) 1996-2014 by all Contributors,
        ALL RIGHTS RESERVED
NOTE: Cadence Design Systems Hub Simulation Platform : version 19.12-s100

Info: (I804) /IEEE_Std_1666/deprecated: deprecated constructor: sc_time(uint64,bool)
WARNING: Hub: SystemC domain: 
	system.TB.din: cynw_p2p_in: Potential reset polarity mismatch between the reset_signal_is() statement for the
	SC_CTHREAD, and the reset polarity specified in the third parameter to the clk_rst() call for this metaport (which is 0). 
Latency for sample 0 is 101
Latency for sample 1 is 101
Latency for sample 2 is 101
Latency for sample 3 is 101
Latency for sample 4 is 101
Latency for sample 5 is 101
Latency for sample 6 is 101
Latency for sample 7 is 101
Latency for sample 8 is 101
Latency for sample 9 is 101
Latency for sample 10 is 101
Latency for sample 11 is 101
Latency for sample 12 is 101
Latency for sample 13 is 101
Latency for sample 14 is 101
Latency for sample 15 is 101
system.TB Error! Source timed out!
Simulation stopped via $stop(1) at time 25340100 PS + 0
./bdw_work/sims/top_PIPELINE_V.v:70 		#100 $stop;
ncsim> quit
